#
# There is insufficient memory for the Java Runtime Environment to continue.
# Native memory allocation (mmap) failed to map 532676608 bytes for G1 virtual space
# Possible reasons:
#   The system is out of physical RAM or swap space
#   The process is running with CompressedOops enabled, and the Java Heap may be blocking the growth of the native heap
# Possible solutions:
#   Reduce memory load on the system
#   Increase physical memory or swap space
#   Check if swap backing store is full
#   Decrease Java heap size (-Xmx/-Xms)
#   Decrease number of Java threads
#   Decrease Java thread stack sizes (-Xss)
#   Set larger code cache with -XX:ReservedCodeCacheSize=
#   JVM is running with Zero Based Compressed Oops mode in which the Java heap is
#     placed in the first 32GB address space. The Java Heap base address is the
#     maximum limit for the native heap growth. Please use -XX:HeapBaseMinAddress
#     to set the Java Heap base and to place the Java Heap above 32GB virtual address.
# This output file may be truncated or incomplete.
#
#  Out of Memory Error (os_windows.cpp:3536), pid=61576, tid=22804
#
# JRE version:  (19.0.2+7) (build )
# Java VM: Java HotSpot(TM) 64-Bit Server VM (19.0.2+7-44, mixed mode, sharing, tiered, compressed oops, compressed class ptrs, g1 gc, windows-amd64)
# No core dump will be written. Minidumps are not enabled by default on client versions of Windows
#

---------------  S U M M A R Y ------------

Command Line: -javaagent:C:\Program Files\JetBrains\IntelliJ IDEA Community Edition 2024.3.4.1\lib\idea_rt.jar=51116 -Dfile.encoding=UTF-8 -Dsun.stdout.encoding=UTF-8 -Dsun.stderr.encoding=UTF-8 Main

Host: Intel(R) Core(TM) i9-14900HX, 32 cores, 31G,  Windows 11 , 64 bit Build 26100 (10.0.26100.3775)
Time: Thu Apr 17 10:56:40 2025  Windows 11 , 64 bit Build 26100 (10.0.26100.3775) elapsed time: 1.050136 seconds (0d 0h 0m 1s)

---------------  T H R E A D  ---------------

Current thread (0x000001d681fed570):  JavaThread "Unknown thread" [_thread_in_vm, id=22804, stack(0x000000d085a00000,0x000000d085b00000)]

Stack: [0x000000d085a00000,0x000000d085b00000]
Native frames: (J=compiled Java code, j=interpreted, Vv=VM code, C=native code)
V  [jvm.dll+0x6ee21a]
V  [jvm.dll+0x85765e]
V  [jvm.dll+0x85904e]
V  [jvm.dll+0x859703]
V  [jvm.dll+0x28298f]
V  [jvm.dll+0x6eb009]
V  [jvm.dll+0x6dfbaa]
V  [jvm.dll+0x3573f6]
V  [jvm.dll+0x35ee56]
V  [jvm.dll+0x3b541e]
V  [jvm.dll+0x3b564f]
V  [jvm.dll+0x32c9ea]
V  [jvm.dll+0x32d89e]
V  [jvm.dll+0x821780]
V  [jvm.dll+0x3c2661]
V  [jvm.dll+0x801f51]
V  [jvm.dll+0x44ae8f]
V  [jvm.dll+0x44c811]
C  [jli.dll+0x5287]
C  [ucrtbase.dll+0x37b0]
C  [KERNEL32.DLL+0x2e8d7]
C  [ntdll.dll+0xb14fc]


---------------  P R O C E S S  ---------------

Threads class SMR info:
_java_thread_list=0x00007ffea793d048, length=0, elements={
}

Java Threads: ( => current thread )

Other Threads:
  0x000001d682010650 WorkerThread "GC Thread#0" [stack: 0x000000d085b00000,0x000000d085c00000] [id=50464]
  0x000001d682073210 ConcurrentGCThread "G1 Main Marker" [stack: 0x000000d085c00000,0x000000d085d00000] [id=75452]
  0x000001d682010920 WorkerThread "G1 Conc#0" [stack: 0x000000d085d00000,0x000000d085e00000] [id=53268]

[error occurred during error reporting (printing all threads), id 0xc0000005, EXCEPTION_ACCESS_VIOLATION (0xc0000005) at pc=0x00007ffea70fd427]

VM state: not at safepoint (not fully initialized)

VM Mutex/Monitor currently owned by a thread:  ([mutex/lock_event])
[0x000001d681fed380] Heap_lock - owner thread: 0x000001d681fed570

Heap address: 0x0000000604800000, size: 8120 MB, Compressed Oops mode: Zero based, Oop shift amount: 3

CDS archive(s) mapped at: [0x0000000000000000-0x0000000000000000-0x0000000000000000), size 0, SharedBaseAddress: 0x0000000800000000, ArchiveRelocationMode: 0.
Narrow klass base: 0x0000000000000000, Narrow klass shift: 0, Narrow klass range: 0x0

GC Precious Log:
 CardTable entry size: 512
 Card Set container configuration: InlinePtr #cards 4 size 8 Array Of Cards #cards 32 size 80 Howl #buckets 8 coarsen threshold 7372 Howl Bitmap #cards 1024 size 144 coarsen threshold 921 Card regions per heap region 1 cards per card region 8192

Heap:
 garbage-first heap   total 0K, used 0K [0x0000000604800000, 0x0000000800000000)
  region size 4096K, 0 young (0K), 0 survivors (0K)

[error occurred during error reporting (printing heap information), id 0xc0000005, EXCEPTION_ACCESS_VIOLATION (0xc0000005) at pc=0x00007ffea7506649]

GC Heap History (0 events):
No events

Dll operation events (1 events):
Event: 0.016 Loaded shared library C:\Program Files\Java\jdk-19\bin\java.dll

Deoptimization events (0 events):
No events

Classes loaded (0 events):
No events

Classes unloaded (0 events):
No events

Classes redefined (0 events):
No events

Internal exceptions (0 events):
No events

VM Operations (0 events):
No events

Events (0 events):
No events


Dynamic libraries:
0x00007ff6f3990000 - 0x00007ff6f39a0000 	C:\Program Files\Java\jdk-19\bin\java.exe
0x00007fff756a0000 - 0x00007fff75900000 	C:\WINDOWS\SYSTEM32\ntdll.dll
0x00007fff73a70000 - 0x00007fff73b37000 	C:\WINDOWS\System32\KERNEL32.DLL
0x00007fff730d0000 - 0x00007fff7349a000 	C:\WINDOWS\System32\KERNELBASE.dll
0x00007fff6eb10000 - 0x00007fff6ebac000 	C:\WINDOWS\SYSTEM32\apphelp.dll
0x00007fff72930000 - 0x00007fff72a7b000 	C:\WINDOWS\System32\ucrtbase.dll
0x00007fff6e0f0000 - 0x00007fff6e10b000 	C:\Program Files\Java\jdk-19\bin\VCRUNTIME140.dll
0x00007fff6ce20000 - 0x00007fff6ce38000 	C:\Program Files\Java\jdk-19\bin\jli.dll
0x00007fff740a0000 - 0x00007fff74152000 	C:\WINDOWS\System32\ADVAPI32.dll
0x00007fff73510000 - 0x00007fff735b9000 	C:\WINDOWS\System32\msvcrt.dll
0x00007fff73ff0000 - 0x00007fff74096000 	C:\WINDOWS\System32\sechost.dll
0x00007fff73900000 - 0x00007fff73a16000 	C:\WINDOWS\System32\RPCRT4.dll
0x00007fff74c70000 - 0x00007fff74e3c000 	C:\WINDOWS\System32\USER32.dll
0x00007fff72a80000 - 0x00007fff72aa7000 	C:\WINDOWS\System32\win32u.dll
0x00007fff74160000 - 0x00007fff7418a000 	C:\WINDOWS\System32\GDI32.dll
0x00007fff72f90000 - 0x00007fff730c1000 	C:\WINDOWS\System32\gdi32full.dll
0x00007fff72880000 - 0x00007fff72923000 	C:\WINDOWS\System32\msvcp_win.dll
0x00007fff54990000 - 0x00007fff54c27000 	C:\WINDOWS\WinSxS\amd64_microsoft.windows.common-controls_6595b64144ccf1df_6.0.26100.3624_none_3e086962e3345f24\COMCTL32.dll
0x00007fff6a690000 - 0x00007fff6a69b000 	C:\WINDOWS\SYSTEM32\VERSION.dll
0x00007fff73860000 - 0x00007fff7388f000 	C:\WINDOWS\System32\IMM32.DLL
0x00007fff6e160000 - 0x00007fff6e16c000 	C:\Program Files\Java\jdk-19\bin\vcruntime140_1.dll
0x00007fff639d0000 - 0x00007fff63a5e000 	C:\Program Files\Java\jdk-19\bin\msvcp140.dll
0x00007ffea6dc0000 - 0x00007ffea7a80000 	C:\Program Files\Java\jdk-19\bin\server\jvm.dll
0x00007fff6b890000 - 0x00007fff6b89a000 	C:\WINDOWS\SYSTEM32\WSOCK32.dll
0x00007fff6f2e0000 - 0x00007fff6f316000 	C:\WINDOWS\SYSTEM32\WINMM.dll
0x00007fff755e0000 - 0x00007fff75654000 	C:\WINDOWS\System32\WS2_32.dll
0x00007fff71770000 - 0x00007fff7178a000 	C:\WINDOWS\SYSTEM32\kernel.appcore.dll
0x00007fff6b880000 - 0x00007fff6b88a000 	C:\Program Files\Java\jdk-19\bin\jimage.dll
0x00007fff6ff10000 - 0x00007fff70151000 	C:\WINDOWS\SYSTEM32\DBGHELP.DLL
0x00007fff74e40000 - 0x00007fff751c2000 	C:\WINDOWS\System32\combase.dll
0x00007fff75320000 - 0x00007fff753f6000 	C:\WINDOWS\System32\OLEAUT32.dll
0x00007fff6ebf0000 - 0x00007fff6ec29000 	C:\WINDOWS\SYSTEM32\dbgcore.DLL
0x00007fff72ef0000 - 0x00007fff72f89000 	C:\WINDOWS\System32\bcryptPrimitives.dll
0x00007fff6b4d0000 - 0x00007fff6b4de000 	C:\Program Files\Java\jdk-19\bin\instrument.dll
0x00007fff639a0000 - 0x00007fff639c6000 	C:\Program Files\Java\jdk-19\bin\java.dll

dbghelp: loaded successfully - version: 4.0.5 - missing functions: none
symbol engine: initialized successfully - sym options: 0x614 - pdb path: .;C:\Program Files\Java\jdk-19\bin;C:\WINDOWS\SYSTEM32;C:\WINDOWS\WinSxS\amd64_microsoft.windows.common-controls_6595b64144ccf1df_6.0.26100.3624_none_3e086962e3345f24;C:\Program Files\Java\jdk-19\bin\server

VM Arguments:
jvm_args: -javaagent:C:\Program Files\JetBrains\IntelliJ IDEA Community Edition 2024.3.4.1\lib\idea_rt.jar=51116 -Dfile.encoding=UTF-8 -Dsun.stdout.encoding=UTF-8 -Dsun.stderr.encoding=UTF-8 
java_command: Main
java_class_path (initial): E:\대학교\프로그래밍 언어활용\Report 7Week\out\production\Report 7Week
Launcher Type: SUN_STANDARD

[Global flags]
     intx CICompilerCount                          = 15                                        {product} {ergonomic}
     uint ConcGCThreads                            = 6                                         {product} {ergonomic}
     uint G1ConcRefinementThreads                  = 23                                        {product} {ergonomic}
   size_t G1HeapRegionSize                         = 4194304                                   {product} {ergonomic}
    uintx GCDrainStackTargetSize                   = 64                                        {product} {ergonomic}
   size_t InitialHeapSize                          = 532676608                                 {product} {ergonomic}
   size_t MarkStackSize                            = 4194304                                   {product} {ergonomic}
   size_t MaxHeapSize                              = 8514437120                                {product} {ergonomic}
   size_t MinHeapDeltaBytes                        = 4194304                                   {product} {ergonomic}
   size_t MinHeapSize                              = 8388608                                   {product} {ergonomic}
    uintx NonNMethodCodeHeapSize                   = 8192380                                {pd product} {ergonomic}
    uintx NonProfiledCodeHeapSize                  = 121732930                              {pd product} {ergonomic}
    uintx ProfiledCodeHeapSize                     = 121732930                              {pd product} {ergonomic}
    uintx ReservedCodeCacheSize                    = 251658240                              {pd product} {ergonomic}
     bool SegmentedCodeCache                       = true                                      {product} {ergonomic}
   size_t SoftMaxHeapSize                          = 8514437120                             {manageable} {ergonomic}
     bool UseCompressedClassPointers               = true                           {product lp64_product} {ergonomic}
     bool UseCompressedOops                        = true                           {product lp64_product} {ergonomic}
     bool UseG1GC                                  = true                                      {product} {ergonomic}
     bool UseLargePagesIndividualAllocation        = false                                  {pd product} {ergonomic}

Logging:
Log output configuration:
 #0: stdout all=warning uptime,level,tags foldmultilines=false
 #1: stderr all=off uptime,level,tags foldmultilines=false

Environment Variables:
PATH=C:\Program Files (x86)\VMware\VMware Workstation\bin\;C:\Program Files\Common Files\Oracle\Java\javapath;C:\WINDOWS\system32;C:\WINDOWS;C:\WINDOWS\System32\Wbem;C:\WINDOWS\System32\WindowsPowerShell\v1.0\;C:\WINDOWS\System32\OpenSSH\;C:\Program Files (x86)\NetSarang\Xshell 8\;C:\Program Files (x86)\PuTTY\;C:\Program Files\NVIDIA Corporation\NVIDIA App\NvDLISR;C:\Program Files (x86)\NVIDIA Corporation\PhysX\Common;C:\Program Files\MySQL\MySQL Shell 8.0\bin\;C:\Users\nyako\AppData\Local\Microsoft\WindowsApps;C:\Program Files\JetBrains\IntelliJ IDEA Community Edition 2024.3.4.1\bin;;C:\Users\nyako\AppData\Local\Programs\Microsoft VS Code\bin;C:\Users\nyako\AppData\Local\GitHubDesktop\bin
USERNAME=nyako
OS=Windows_NT
PROCESSOR_IDENTIFIER=Intel64 Family 6 Model 183 Stepping 1, GenuineIntel
TMP=C:\Users\nyako\AppData\Local\Temp
TEMP=C:\Users\nyako\AppData\Local\Temp



---------------  S Y S T E M  ---------------

OS:
 Windows 11 , 64 bit Build 26100 (10.0.26100.3775)
OS uptime: 1 days 21:03 hours
Hyper-V role detected

CPU: total 32 (initial active 32) (16 cores per cpu, 2 threads per core) family 6 model 183 stepping 1 microcode 0x11f, cx8, cmov, fxsr, ht, mmx, 3dnowpref, sse, sse2, sse3, ssse3, sse4.1, sse4.2, popcnt, lzcnt, tsc, tscinvbit, avx, avx2, aes, erms, clmul, bmi1, bmi2, adx, sha, fma, vzeroupper, clflush, clflushopt, clwb, hv, serialize, rdtscp, rdpid, fsrm

Memory: 4k page, system-wide physical 32475M (3309M free)
TotalPageFile size 93239M (AvailPageFile size 77M)
current process WorkingSet (physical memory assigned to process): 14M, peak: 14M
current process commit charge ("private bytes"): 92M, peak: 600M

vm_info: Java HotSpot(TM) 64-Bit Server VM (19.0.2+7-44) for windows-amd64 JRE (19.0.2+7-44), built on 2022-11-30T18:02:09Z by "mach5one" with MS VC++ 17.1 (VS2022)

END.
